2026-03-01 14:29:14 | INFO     | app:get_measurements_monthly:112 - Value of target_date: 2026-03-01 00:00:00
2026-03-01 14:29:14 | INFO     | app:get_measurements_monthly:113 - Type of target_date: <class 'datetime.datetime'>
2026-03-01 14:30:08 | INFO     | app:get_measurements_monthly:112 - Value of target_date: 2026-03-01 00:00:00
2026-03-01 14:30:08 | INFO     | app:get_measurements_monthly:113 - Type of target_date: <class 'datetime.datetime'>
2026-03-01 14:30:55 | INFO     | app:get_measurements_monthly:112 - Value of target_date: 2026-03-01 00:00:00
2026-03-01 14:30:55 | INFO     | app:get_measurements_monthly:113 - Type of target_date: <class 'datetime.datetime'>
2026-03-01 14:32:56 | INFO     | app:get_measurements_monthly:112 - Value of target_date: 2026-03-01 00:00:00
2026-03-01 14:32:56 | INFO     | app:get_measurements_monthly:113 - Type of target_date: <class 'datetime.datetime'>
2026-03-01 14:34:27 | INFO     | app:get_measurements_monthly:112 - Value of target_date: 2026-03-01 00:00:00
2026-03-01 14:34:27 | INFO     | app:get_measurements_monthly:113 - Type of target_date: <class 'datetime.datetime'>
2026-03-01 14:42:28 | INFO     | app:get_measurements_monthly:112 - Value of target_date: 2026-03-01 00:00:00
2026-03-01 14:42:28 | INFO     | app:get_measurements_monthly:113 - Type of target_date: <class 'datetime.datetime'>
2026-03-01 14:44:03 | INFO     | app:get_measurements_monthly:112 - Value of target_date: 2026-03-01 00:00:00
2026-03-01 14:44:03 | INFO     | app:get_measurements_monthly:113 - Type of target_date: <class 'datetime.datetime'>
2026-03-01 14:44:10 | INFO     | app:get_measurements_monthly:112 - Value of target_date: 2026-03-01 00:00:00
2026-03-01 14:44:10 | INFO     | app:get_measurements_monthly:113 - Type of target_date: <class 'datetime.datetime'>
2026-03-01 14:48:21 | INFO     | app:get_measurements_monthly:112 - Value of target_date: 2026-03-01 00:00:00
2026-03-01 14:48:21 | INFO     | app:get_measurements_monthly:113 - Type of target_date: <class 'datetime.datetime'>
2026-03-01 14:50:38 | INFO     | app:get_measurements_monthly:112 - Value of target_date: 2026-03-01 00:00:00
2026-03-01 14:50:38 | INFO     | app:get_measurements_monthly:113 - Type of target_date: <class 'datetime.datetime'>
2026-03-01 14:53:13 | INFO     | app:get_measurements_monthly:112 - Value of target_date: 2026-03-01 00:00:00
2026-03-01 14:53:13 | INFO     | app:get_measurements_monthly:113 - Type of target_date: <class 'datetime.datetime'>
2026-03-01 14:54:57 | INFO     | app:get_measurements_monthly:112 - Value of target_date: 2026-03-01 00:00:00
2026-03-01 14:54:57 | INFO     | app:get_measurements_monthly:113 - Type of target_date: <class 'datetime.datetime'>
2026-03-01 14:55:31 | INFO     | app:get_measurements_monthly:112 - Value of target_date: 2026-03-01 00:00:00
2026-03-01 14:55:31 | INFO     | app:get_measurements_monthly:113 - Type of target_date: <class 'datetime.datetime'>
2026-03-01 14:55:38 | INFO     | app:get_measurements_monthly:112 - Value of target_date: 2026-03-01 00:00:00
2026-03-01 14:55:38 | INFO     | app:get_measurements_monthly:113 - Type of target_date: <class 'datetime.datetime'>
2026-03-01 14:56:11 | INFO     | app:get_measurements_monthly:112 - Value of target_date: 2026-03-01 00:00:00
2026-03-01 14:56:11 | INFO     | app:get_measurements_monthly:113 - Type of target_date: <class 'datetime.datetime'>
2026-03-01 14:57:07 | INFO     | app:get_measurements_monthly:112 - Value of target_date: 2026-03-01 00:00:00
2026-03-01 14:57:07 | INFO     | app:get_measurements_monthly:113 - Type of target_date: <class 'datetime.datetime'>
2026-03-01 15:00:20 | INFO     | app:get_measurements_monthly:112 - Value of target_date: 2026-03-01 00:00:00
2026-03-01 15:00:20 | INFO     | app:get_measurements_monthly:113 - Type of target_date: <class 'datetime.datetime'>
2026-03-01 15:01:00 | INFO     | app:get_measurements_monthly:112 - Value of target_date: 2026-03-01 00:00:00
2026-03-01 15:01:00 | INFO     | app:get_measurements_monthly:113 - Type of target_date: <class 'datetime.datetime'>
2026-03-01 15:02:02 | INFO     | app:get_measurements_monthly:112 - Value of target_date: 2026-03-01 00:00:00
2026-03-01 15:02:02 | INFO     | app:get_measurements_monthly:113 - Type of target_date: <class 'datetime.datetime'>
2026-03-01 15:02:01 | INFO     | app:get_measurements_monthly:112 - Value of target_date: 2026-04-01 00:00:00
2026-03-01 15:02:01 | INFO     | app:get_measurements_monthly:113 - Type of target_date: <class 'datetime.datetime'>
2026-03-01 15:02:03 | INFO     | app:get_measurements_monthly:112 - Value of target_date: 2026-03-01 00:00:00
2026-03-01 15:02:03 | INFO     | app:get_measurements_monthly:113 - Type of target_date: <class 'datetime.datetime'>
2026-03-01 15:02:04 | INFO     | app:get_measurements_monthly:112 - Value of target_date: 2026-02-01 00:00:00
2026-03-01 15:02:04 | INFO     | app:get_measurements_monthly:113 - Type of target_date: <class 'datetime.datetime'>
2026-03-01 15:02:06 | INFO     | app:get_measurements_monthly:112 - Value of target_date: 2026-03-01 00:00:00
2026-03-01 15:02:06 | INFO     | app:get_measurements_monthly:113 - Type of target_date: <class 'datetime.datetime'>
2026-03-01 15:02:55 | INFO     | app:get_measurements_monthly:112 - Value of target_date: 2026-03-01 00:00:00
2026-03-01 15:02:55 | INFO     | app:get_measurements_monthly:113 - Type of target_date: <class 'datetime.datetime'>
2026-03-01 15:02:56 | INFO     | app:get_measurements_monthly:112 - Value of target_date: 2026-02-01 00:00:00
2026-03-01 15:02:56 | INFO     | app:get_measurements_monthly:113 - Type of target_date: <class 'datetime.datetime'>
2026-03-01 15:03:34 | INFO     | app:get_measurements_monthly:112 - Value of target_date: 2026-03-01 00:00:00
2026-03-01 15:03:34 | INFO     | app:get_measurements_monthly:113 - Type of target_date: <class 'datetime.datetime'>
2026-03-01 15:03:36 | INFO     | app:get_measurements_monthly:112 - Value of target_date: 2026-02-01 00:00:00
2026-03-01 15:03:36 | INFO     | app:get_measurements_monthly:113 - Type of target_date: <class 'datetime.datetime'>
2026-03-01 15:03:43 | INFO     | app:get_measurements_monthly:112 - Value of target_date: 2026-01-01 00:00:00
2026-03-01 15:03:43 | INFO     | app:get_measurements_monthly:113 - Type of target_date: <class 'datetime.datetime'>
2026-03-01 15:03:43 | INFO     | app:get_measurements_monthly:112 - Value of target_date: 2025-12-01 00:00:00
2026-03-01 15:03:43 | INFO     | app:get_measurements_monthly:113 - Type of target_date: <class 'datetime.datetime'>
2026-03-01 15:06:06 | INFO     | app:get_measurements_monthly:112 - Value of target_date: 2026-03-01 00:00:00
2026-03-01 15:06:06 | INFO     | app:get_measurements_monthly:113 - Type of target_date: <class 'datetime.datetime'>
2026-03-01 15:06:41 | INFO     | app:get_measurements_monthly:112 - Value of target_date: 2026-03-01 00:00:00
2026-03-01 15:06:41 | INFO     | app:get_measurements_monthly:113 - Type of target_date: <class 'datetime.datetime'>
2026-03-01 15:06:59 | INFO     | app:get_measurements_monthly:112 - Value of target_date: 2026-03-01 00:00:00
2026-03-01 15:06:59 | INFO     | app:get_measurements_monthly:113 - Type of target_date: <class 'datetime.datetime'>
2026-03-01 15:07:01 | INFO     | app:get_measurements_monthly:112 - Value of target_date: 2026-02-01 00:00:00
2026-03-01 15:07:01 | INFO     | app:get_measurements_monthly:113 - Type of target_date: <class 'datetime.datetime'>
2026-03-01 15:07:03 | INFO     | app:get_measurements_monthly:112 - Value of target_date: 2026-01-01 00:00:00
2026-03-01 15:07:03 | INFO     | app:get_measurements_monthly:113 - Type of target_date: <class 'datetime.datetime'>
2026-03-01 15:07:04 | INFO     | app:get_measurements_monthly:112 - Value of target_date: 2026-02-01 00:00:00
2026-03-01 15:07:04 | INFO     | app:get_measurements_monthly:113 - Type of target_date: <class 'datetime.datetime'>
2026-03-01 15:07:05 | INFO     | app:get_measurements_monthly:112 - Value of target_date: 2026-03-01 00:00:00
2026-03-01 15:07:05 | INFO     | app:get_measurements_monthly:113 - Type of target_date: <class 'datetime.datetime'>
2026-03-01 15:07:07 | INFO     | app:get_measurements_monthly:112 - Value of target_date: 2026-04-01 00:00:00
2026-03-01 15:07:07 | INFO     | app:get_measurements_monthly:113 - Type of target_date: <class 'datetime.datetime'>
2026-03-01 15:07:08 | INFO     | app:get_measurements_monthly:112 - Value of target_date: 2026-05-01 00:00:00
2026-03-01 15:07:08 | INFO     | app:get_measurements_monthly:113 - Type of target_date: <class 'datetime.datetime'>
2026-03-01 15:07:09 | INFO     | app:get_measurements_monthly:112 - Value of target_date: 2026-04-01 00:00:00
2026-03-01 15:07:09 | INFO     | app:get_measurements_monthly:113 - Type of target_date: <class 'datetime.datetime'>
2026-03-01 15:07:10 | INFO     | app:get_measurements_monthly:112 - Value of target_date: 2026-03-01 00:00:00
2026-03-01 15:07:10 | INFO     | app:get_measurements_monthly:113 - Type of target_date: <class 'datetime.datetime'>
2026-03-01 15:07:11 | INFO     | app:get_measurements_monthly:112 - Value of target_date: 2026-02-01 00:00:00
2026-03-01 15:07:11 | INFO     | app:get_measurements_monthly:113 - Type of target_date: <class 'datetime.datetime'>
2026-03-01 15:07:12 | INFO     | app:get_measurements_monthly:112 - Value of target_date: 2026-01-01 00:00:00
2026-03-01 15:07:12 | INFO     | app:get_measurements_monthly:113 - Type of target_date: <class 'datetime.datetime'>
2026-03-01 15:07:13 | INFO     | app:get_measurements_monthly:112 - Value of target_date: 2025-12-01 00:00:00
2026-03-01 15:07:13 | INFO     | app:get_measurements_monthly:113 - Type of target_date: <class 'datetime.datetime'>
2026-03-01 15:07:17 | INFO     | app:get_measurements_monthly:112 - Value of target_date: 2026-01-01 00:00:00
2026-03-01 15:07:17 | INFO     | app:get_measurements_monthly:113 - Type of target_date: <class 'datetime.datetime'>
2026-03-01 15:07:21 | INFO     | app:get_measurements_monthly:112 - Value of target_date: 2026-02-01 00:00:00
2026-03-01 15:07:21 | INFO     | app:get_measurements_monthly:113 - Type of target_date: <class 'datetime.datetime'>
2026-03-01 15:07:32 | INFO     | app:get_measurements_monthly:112 - Value of target_date: 2026-03-01 00:00:00
2026-03-01 15:07:32 | INFO     | app:get_measurements_monthly:113 - Type of target_date: <class 'datetime.datetime'>
2026-03-01 15:31:36 | INFO     | app:get_measurements_monthly:112 - Value of target_date: 2026-03-01 00:00:00
2026-03-01 15:31:36 | INFO     | app:get_measurements_monthly:113 - Type of target_date: <class 'datetime.datetime'>
2026-03-01 15:31:56 | INFO     | app:get_measurements_monthly:112 - Value of target_date: 2026-03-01 00:00:00
2026-03-01 15:31:56 | INFO     | app:get_measurements_monthly:113 - Type of target_date: <class 'datetime.datetime'>
2026-03-01 15:32:40 | INFO     | app:get_measurements_monthly:112 - Value of target_date: 2026-03-01 00:00:00
2026-03-01 15:32:40 | INFO     | app:get_measurements_monthly:113 - Type of target_date: <class 'datetime.datetime'>
2026-03-01 15:33:22 | INFO     | app:get_measurements_monthly:112 - Value of target_date: 2026-03-01 00:00:00
2026-03-01 15:33:22 | INFO     | app:get_measurements_monthly:113 - Type of target_date: <class 'datetime.datetime'>
2026-03-01 15:33:39 | INFO     | app:get_measurements_monthly:112 - Value of target_date: 2026-03-01 00:00:00
2026-03-01 15:33:39 | INFO     | app:get_measurements_monthly:113 - Type of target_date: <class 'datetime.datetime'>
2026-03-01 15:34:11 | INFO     | app:get_measurements_monthly:112 - Value of target_date: 2026-03-01 00:00:00
2026-03-01 15:34:11 | INFO     | app:get_measurements_monthly:113 - Type of target_date: <class 'datetime.datetime'>
2026-03-01 15:35:17 | INFO     | app:get_measurements_monthly:112 - Value of target_date: 2026-03-01 00:00:00
2026-03-01 15:35:17 | INFO     | app:get_measurements_monthly:113 - Type of target_date: <class 'datetime.datetime'>
2026-03-01 15:35:42 | INFO     | app:get_measurements_monthly:112 - Value of target_date: 2026-03-01 00:00:00
2026-03-01 15:35:42 | INFO     | app:get_measurements_monthly:113 - Type of target_date: <class 'datetime.datetime'>
2026-03-01 15:37:12 | INFO     | app:get_measurements_monthly:112 - Value of target_date: 2026-03-01 00:00:00
2026-03-01 15:37:12 | INFO     | app:get_measurements_monthly:113 - Type of target_date: <class 'datetime.datetime'>
2026-03-01 15:40:01 | INFO     | app:get_measurements_monthly:112 - Value of target_date: 2026-03-01 00:00:00
2026-03-01 15:40:01 | INFO     | app:get_measurements_monthly:113 - Type of target_date: <class 'datetime.datetime'>
2026-03-01 15:40:29 | INFO     | app:get_measurements_monthly:112 - Value of target_date: 2026-03-01 00:00:00
2026-03-01 15:40:29 | INFO     | app:get_measurements_monthly:113 - Type of target_date: <class 'datetime.datetime'>
2026-03-01 15:42:21 | INFO     | app:get_measurements_monthly:112 - Value of target_date: 2026-03-01 00:00:00
2026-03-01 15:42:21 | INFO     | app:get_measurements_monthly:113 - Type of target_date: <class 'datetime.datetime'>
2026-03-01 15:42:36 | INFO     | app:get_measurements_monthly:112 - Value of target_date: 2026-03-01 00:00:00
2026-03-01 15:42:36 | INFO     | app:get_measurements_monthly:113 - Type of target_date: <class 'datetime.datetime'>
2026-03-01 15:45:11 | INFO     | app:get_measurements_monthly:112 - Value of target_date: 2026-03-01 00:00:00
2026-03-01 15:45:11 | INFO     | app:get_measurements_monthly:113 - Type of target_date: <class 'datetime.datetime'>
2026-03-01 15:45:23 | INFO     | app:get_measurements_monthly:112 - Value of target_date: 2026-03-01 00:00:00
2026-03-01 15:45:23 | INFO     | app:get_measurements_monthly:113 - Type of target_date: <class 'datetime.datetime'>
2026-03-01 15:50:23 | INFO     | app:get_measurements_monthly:112 - Value of target_date: 2026-03-01 00:00:00
2026-03-01 15:50:23 | INFO     | app:get_measurements_monthly:113 - Type of target_date: <class 'datetime.datetime'>
2026-03-01 15:50:46 | INFO     | app:get_measurements_monthly:112 - Value of target_date: 2026-04-01 00:00:00
2026-03-01 15:50:46 | INFO     | app:get_measurements_monthly:113 - Type of target_date: <class 'datetime.datetime'>
2026-03-01 15:50:49 | INFO     | app:get_measurements_monthly:112 - Value of target_date: 2026-03-01 00:00:00
2026-03-01 15:50:49 | INFO     | app:get_measurements_monthly:113 - Type of target_date: <class 'datetime.datetime'>
2026-03-01 15:50:52 | INFO     | app:get_measurements_monthly:112 - Value of target_date: 2026-02-01 00:00:00
2026-03-01 15:50:52 | INFO     | app:get_measurements_monthly:113 - Type of target_date: <class 'datetime.datetime'>
2026-03-01 15:51:12 | INFO     | app:get_measurements_monthly:112 - Value of target_date: 2026-03-01 00:00:00
2026-03-01 15:51:12 | INFO     | app:get_measurements_monthly:113 - Type of target_date: <class 'datetime.datetime'>
2026-03-01 15:51:41 | INFO     | app:get_measurements_monthly:112 - Value of target_date: 2026-03-01 00:00:00
2026-03-01 15:51:41 | INFO     | app:get_measurements_monthly:113 - Type of target_date: <class 'datetime.datetime'>
2026-03-01 15:51:43 | INFO     | app:get_measurements_monthly:112 - Value of target_date: 2026-03-01 00:00:00
2026-03-01 15:51:43 | INFO     | app:get_measurements_monthly:113 - Type of target_date: <class 'datetime.datetime'>
2026-03-01 15:53:14 | INFO     | app:get_measurements_monthly:112 - Value of target_date: 2026-03-01 00:00:00
2026-03-01 15:53:14 | INFO     | app:get_measurements_monthly:113 - Type of target_date: <class 'datetime.datetime'>
2026-03-01 15:53:17 | INFO     | app:get_measurements_monthly:112 - Value of target_date: 2026-02-01 00:00:00
2026-03-01 15:53:17 | INFO     | app:get_measurements_monthly:113 - Type of target_date: <class 'datetime.datetime'>
2026-03-01 15:53:22 | INFO     | app:get_measurements_monthly:112 - Value of target_date: 2026-03-01 00:00:00
2026-03-01 15:53:22 | INFO     | app:get_measurements_monthly:113 - Type of target_date: <class 'datetime.datetime'>
2026-03-01 15:53:35 | INFO     | app:get_measurements_monthly:112 - Value of target_date: 2026-03-01 00:00:00
2026-03-01 15:53:35 | INFO     | app:get_measurements_monthly:113 - Type of target_date: <class 'datetime.datetime'>
2026-03-01 15:54:17 | INFO     | app:get_measurements_monthly:112 - Value of target_date: 2026-03-01 00:00:00
2026-03-01 15:54:17 | INFO     | app:get_measurements_monthly:113 - Type of target_date: <class 'datetime.datetime'>
2026-03-01 15:54:21 | INFO     | app:get_measurements_monthly:112 - Value of target_date: 2026-03-01 00:00:00
2026-03-01 15:54:21 | INFO     | app:get_measurements_monthly:113 - Type of target_date: <class 'datetime.datetime'>
2026-03-01 15:54:26 | INFO     | app:get_measurements_monthly:112 - Value of target_date: 2026-03-01 00:00:00
2026-03-01 15:54:26 | INFO     | app:get_measurements_monthly:113 - Type of target_date: <class 'datetime.datetime'>
2026-03-01 15:55:55 | INFO     | app:get_measurements_monthly:112 - Value of target_date: 2026-03-01 00:00:00
2026-03-01 15:55:55 | INFO     | app:get_measurements_monthly:113 - Type of target_date: <class 'datetime.datetime'>
2026-03-01 15:56:34 | INFO     | app:get_measurements_monthly:112 - Value of target_date: 2026-03-01 00:00:00
2026-03-01 15:56:34 | INFO     | app:get_measurements_monthly:113 - Type of target_date: <class 'datetime.datetime'>
2026-03-01 15:57:05 | INFO     | app:get_measurements_monthly:112 - Value of target_date: 2026-03-01 00:00:00
2026-03-01 15:57:05 | INFO     | app:get_measurements_monthly:113 - Type of target_date: <class 'datetime.datetime'>
2026-03-01 15:57:23 | INFO     | app:get_measurements_monthly:112 - Value of target_date: 2026-03-01 00:00:00
2026-03-01 15:57:23 | INFO     | app:get_measurements_monthly:113 - Type of target_date: <class 'datetime.datetime'>
2026-03-01 15:57:47 | INFO     | app:get_measurements_monthly:112 - Value of target_date: 2026-03-01 00:00:00
2026-03-01 15:57:47 | INFO     | app:get_measurements_monthly:113 - Type of target_date: <class 'datetime.datetime'>
2026-03-01 15:58:02 | INFO     | app:get_measurements_monthly:112 - Value of target_date: 2026-02-01 00:00:00
2026-03-01 15:58:02 | INFO     | app:get_measurements_monthly:113 - Type of target_date: <class 'datetime.datetime'>
2026-03-01 15:58:04 | INFO     | app:get_measurements_monthly:112 - Value of target_date: 2026-03-01 00:00:00
2026-03-01 15:58:04 | INFO     | app:get_measurements_monthly:113 - Type of target_date: <class 'datetime.datetime'>
2026-03-01 15:58:14 | INFO     | app:get_measurements_monthly:112 - Value of target_date: 2026-03-01 00:00:00
2026-03-01 15:58:14 | INFO     | app:get_measurements_monthly:113 - Type of target_date: <class 'datetime.datetime'>
2026-03-01 15:58:16 | INFO     | app:get_measurements_monthly:112 - Value of target_date: 2026-02-01 00:00:00
2026-03-01 15:58:16 | INFO     | app:get_measurements_monthly:113 - Type of target_date: <class 'datetime.datetime'>
2026-03-01 15:58:18 | INFO     | app:get_measurements_monthly:112 - Value of target_date: 2026-03-01 00:00:00
2026-03-01 15:58:18 | INFO     | app:get_measurements_monthly:113 - Type of target_date: <class 'datetime.datetime'>
2026-03-01 15:59:29 | INFO     | app:get_measurements_monthly:112 - Value of target_date: 2026-03-01 00:00:00
2026-03-01 15:59:29 | INFO     | app:get_measurements_monthly:113 - Type of target_date: <class 'datetime.datetime'>
2026-03-01 16:00:40 | INFO     | app:get_measurements_monthly:112 - Value of target_date: 2026-03-01 00:00:00
2026-03-01 16:00:40 | INFO     | app:get_measurements_monthly:113 - Type of target_date: <class 'datetime.datetime'>
2026-03-01 16:00:47 | INFO     | app:get_measurements_monthly:112 - Value of target_date: 2026-02-01 00:00:00
2026-03-01 16:00:47 | INFO     | app:get_measurements_monthly:113 - Type of target_date: <class 'datetime.datetime'>
2026-03-01 16:00:49 | INFO     | app:get_measurements_monthly:112 - Value of target_date: 2026-03-01 00:00:00
2026-03-01 16:00:49 | INFO     | app:get_measurements_monthly:113 - Type of target_date: <class 'datetime.datetime'>
2026-03-01 16:00:53 | INFO     | app:get_measurements_monthly:112 - Value of target_date: 2026-02-01 00:00:00
2026-03-01 16:00:53 | INFO     | app:get_measurements_monthly:113 - Type of target_date: <class 'datetime.datetime'>
2026-03-01 16:00:55 | INFO     | app:get_measurements_monthly:112 - Value of target_date: 2026-03-01 00:00:00
2026-03-01 16:00:55 | INFO     | app:get_measurements_monthly:113 - Type of target_date: <class 'datetime.datetime'>
2026-03-01 16:01:09 | INFO     | app:get_measurements_monthly:112 - Value of target_date: 2026-03-01 00:00:00
2026-03-01 16:01:09 | INFO     | app:get_measurements_monthly:113 - Type of target_date: <class 'datetime.datetime'>
2026-03-01 16:43:16 | INFO     | app:get_measurements_monthly:112 - Value of target_date: 2026-03-01 00:00:00
2026-03-01 16:43:16 | INFO     | app:get_measurements_monthly:113 - Type of target_date: <class 'datetime.datetime'>
2026-03-01 16:48:46 | INFO     | app:get_measurements_daily:170 - Time: 2026-03-01 00:00:00
2026-03-01 16:48:46 | INFO     | app:get_measurements_daily:182 - Return data: [<app.models.pressure.PressureMeasurement object at 0x70fa32724b90>, <app.models.pressure.PressureMeasurement object at 0x70fa32724ef0>]
2026-03-01 16:48:46 | INFO     | app:get_measurements_daily:170 - Time: 2026-03-01 00:00:00
2026-03-01 16:48:46 | INFO     | app:get_measurements_daily:182 - Return data: [<app.models.pressure.PressureMeasurement object at 0x70fa32726ab0>, <app.models.pressure.PressureMeasurement object at 0x70fa32726390>]
2026-03-01 16:49:51 | INFO     | app:get_measurements_daily:170 - Time: 2026-03-01 00:00:00
2026-03-01 16:49:51 | INFO     | app:get_measurements_daily:182 - Return data: [<app.models.pressure.PressureMeasurement object at 0x70fa32703440>, <app.models.pressure.PressureMeasurement object at 0x70fa32701a60>]
2026-03-01 16:49:51 | INFO     | app:get_measurements_daily:170 - Time: 2026-03-01 00:00:00
2026-03-01 16:49:51 | INFO     | app:get_measurements_daily:182 - Return data: [<app.models.pressure.PressureMeasurement object at 0x70fa32796f60>, <app.models.pressure.PressureMeasurement object at 0x70fa32795460>]
2026-03-01 16:49:54 | INFO     | app:get_measurements_daily:170 - Time: 2026-02-28 00:00:00
2026-03-01 16:50:48 | INFO     | app:get_measurements_daily:170 - Time: 2026-03-01 00:00:00
2026-03-01 16:50:48 | INFO     | app:get_measurements_daily:182 - Return data: [<app.models.pressure.PressureMeasurement object at 0x70fa41926ed0>, <app.models.pressure.PressureMeasurement object at 0x70fa419244d0>]
2026-03-01 16:50:48 | INFO     | app:get_measurements_daily:170 - Time: 2026-03-01 00:00:00
2026-03-01 16:50:48 | INFO     | app:get_measurements_daily:182 - Return data: [<app.models.pressure.PressureMeasurement object at 0x70fa41926990>, <app.models.pressure.PressureMeasurement object at 0x70fa419260c0>]
2026-03-01 16:50:53 | INFO     | app:get_measurements_daily:170 - Time: 2026-02-28 00:00:00
2026-03-01 16:50:53 | INFO     | app:get_measurements_daily:170 - Time: 2026-02-27 00:00:00
2026-03-01 16:50:53 | INFO     | app:get_measurements_daily:170 - Time: 2026-02-26 00:00:00
2026-03-01 16:50:53 | INFO     | app:get_measurements_daily:170 - Time: 2026-02-27 00:00:00
2026-03-01 16:50:53 | INFO     | app:get_measurements_daily:184 - Return data: []
2026-03-01 16:50:53 | INFO     | app:get_measurements_daily:184 - Return data: []
2026-03-01 16:50:53 | INFO     | app:get_measurements_daily:184 - Return data: [<app.models.pressure.PressureMeasurement object at 0x77f148c3a420>, <app.models.pressure.PressureMeasurement object at 0x77f148c3a090>, <app.models.pressure.PressureMeasurement object at 0x77f148c39d90>, <app.models.pressure.PressureMeasurement object at 0x77f148c39790>, <app.models.pressure.PressureMeasurement object at 0x77f148c39a90>, <app.models.pressure.PressureMeasurement object at 0x77f148c39d60>, <app.models.pressure.PressureMeasurement object at 0x77f148c39e80>, <app.models.pressure.PressureMeasurement object at 0x77f148c39ee0>, <app.models.pressure.PressureMeasurement object at 0x77f148c39eb0>, <app.models.pressure.PressureMeasurement object at 0x77f148c39dc0>, <app.models.pressure.PressureMeasurement object at 0x77f148c39f40>, <app.models.pressure.PressureMeasurement object at 0x77f148c39fa0>, <app.models.pressure.PressureMeasurement object at 0x77f148c39f70>, <app.models.pressure.PressureMeasurement object at 0x77f148c39f10>, <app.models.pressure.PressureMeasurement object at 0x77f148c3a000>, <app.models.pressure.PressureMeasurement object at 0x77f148c3a030>, <app.models.pressure.PressureMeasurement object at 0x77f148c39fd0>, <app.models.pressure.PressureMeasurement object at 0x77f148c3a0f0>, <app.models.pressure.PressureMeasurement object at 0x77f148c3a810>, <app.models.pressure.PressureMeasurement object at 0x77f148c39760>, <app.models.pressure.PressureMeasurement object at 0x77f148c3a240>, <app.models.pressure.PressureMeasurement object at 0x77f148c39e50>, <app.models.pressure.PressureMeasurement object at 0x77f148c39b20>, <app.models.pressure.PressureMeasurement object at 0x77f148c3a4b0>, <app.models.pressure.PressureMeasurement object at 0x77f148c3a4e0>, <app.models.pressure.PressureMeasurement object at 0x77f148c38800>, <app.models.pressure.PressureMeasurement object at 0x77f148c3a540>, <app.models.pressure.PressureMeasurement object at 0x77f148c3a5a0>, <app.models.pressure.PressureMeasurement object at 0x77f148c3a450>, <app.models.pressure.PressureMeasurement object at 0x77f148c3a2d0>, <app.models.pressure.PressureMeasurement object at 0x77f148c3a630>, <app.models.pressure.PressureMeasurement object at 0x77f148c3a660>, <app.models.pressure.PressureMeasurement object at 0x77f148c3a6c0>, <app.models.pressure.PressureMeasurement object at 0x77f148c3a1e0>, <app.models.pressure.PressureMeasurement object at 0x77f148c3a6f0>, <app.models.pressure.PressureMeasurement object at 0x77f148c3a750>, <app.models.pressure.PressureMeasurement object at 0x77f148c3a7b0>, <app.models.pressure.PressureMeasurement object at 0x77f148c3a0c0>, <app.models.pressure.PressureMeasurement object at 0x77f148c3a870>, <app.models.pressure.PressureMeasurement object at 0x77f148c3a8d0>, <app.models.pressure.PressureMeasurement object at 0x77f148c3a930>, <app.models.pressure.PressureMeasurement object at 0x77f148c3a990>, <app.models.pressure.PressureMeasurement object at 0x77f148c3a9f0>, <app.models.pressure.PressureMeasurement object at 0x77f148c3aa50>, <app.models.pressure.PressureMeasurement object at 0x77f148c3aab0>, <app.models.pressure.PressureMeasurement object at 0x77f148c3ab10>, <app.models.pressure.PressureMeasurement object at 0x77f148c3ab70>, <app.models.pressure.PressureMeasurement object at 0x77f148c3abd0>, <app.models.pressure.PressureMeasurement object at 0x77f148c3ac30>, <app.models.pressure.PressureMeasurement object at 0x77f148c3ac90>, <app.models.pressure.PressureMeasurement object at 0x77f148c3acf0>, <app.models.pressure.PressureMeasurement object at 0x77f148c3ad50>, <app.models.pressure.PressureMeasurement object at 0x77f148c3adb0>, <app.models.pressure.PressureMeasurement object at 0x77f148c3ae10>, <app.models.pressure.PressureMeasurement object at 0x77f148c3ae70>, <app.models.pressure.PressureMeasurement object at 0x77f148c3aed0>, <app.models.pressure.PressureMeasurement object at 0x77f148c3af30>, <app.models.pressure.PressureMeasurement object at 0x77f148c3af90>, <app.models.pressure.PressureMeasurement object at 0x77f148c3aff0>, <app.models.pressure.PressureMeasurement object at 0x77f148c3b050>, <app.models.pressure.PressureMeasurement object at 0x77f148c3b0b0>]
2026-03-01 16:50:53 | INFO     | app:get_measurements_daily:184 - Return data: [<app.models.pressure.PressureMeasurement object at 0x77f148d69e20>, <app.models.pressure.PressureMeasurement object at 0x77f148c91070>, <app.models.pressure.PressureMeasurement object at 0x77f148c90dd0>, <app.models.pressure.PressureMeasurement object at 0x77f148c90ec0>, <app.models.pressure.PressureMeasurement object at 0x77f148c39820>, <app.models.pressure.PressureMeasurement object at 0x77f148c3a270>, <app.models.pressure.PressureMeasurement object at 0x77f148c3a150>, <app.models.pressure.PressureMeasurement object at 0x77f148c39640>, <app.models.pressure.PressureMeasurement object at 0x77f148c3a300>, <app.models.pressure.PressureMeasurement object at 0x77f148c3a420>, <app.models.pressure.PressureMeasurement object at 0x77f148c3a090>, <app.models.pressure.PressureMeasurement object at 0x77f148c39d90>, <app.models.pressure.PressureMeasurement object at 0x77f148c39790>, <app.models.pressure.PressureMeasurement object at 0x77f148c39a90>, <app.models.pressure.PressureMeasurement object at 0x77f148c39d60>, <app.models.pressure.PressureMeasurement object at 0x77f148c39e80>, <app.models.pressure.PressureMeasurement object at 0x77f148c39ee0>, <app.models.pressure.PressureMeasurement object at 0x77f148c39eb0>, <app.models.pressure.PressureMeasurement object at 0x77f148c39dc0>, <app.models.pressure.PressureMeasurement object at 0x77f148c39f40>, <app.models.pressure.PressureMeasurement object at 0x77f148c39fa0>, <app.models.pressure.PressureMeasurement object at 0x77f148c39f70>, <app.models.pressure.PressureMeasurement object at 0x77f148c39f10>, <app.models.pressure.PressureMeasurement object at 0x77f148c3a000>, <app.models.pressure.PressureMeasurement object at 0x77f148c3a030>, <app.models.pressure.PressureMeasurement object at 0x77f148c39fd0>, <app.models.pressure.PressureMeasurement object at 0x77f148c3a0f0>, <app.models.pressure.PressureMeasurement object at 0x77f148c3a810>, <app.models.pressure.PressureMeasurement object at 0x77f148c39760>, <app.models.pressure.PressureMeasurement object at 0x77f148c3a240>, <app.models.pressure.PressureMeasurement object at 0x77f148c39e50>, <app.models.pressure.PressureMeasurement object at 0x77f148c39b20>, <app.models.pressure.PressureMeasurement object at 0x77f148c3a4b0>, <app.models.pressure.PressureMeasurement object at 0x77f148c3a4e0>, <app.models.pressure.PressureMeasurement object at 0x77f148c38800>, <app.models.pressure.PressureMeasurement object at 0x77f148c3a540>, <app.models.pressure.PressureMeasurement object at 0x77f148c3a5a0>, <app.models.pressure.PressureMeasurement object at 0x77f148c3a450>, <app.models.pressure.PressureMeasurement object at 0x77f148c3a2d0>, <app.models.pressure.PressureMeasurement object at 0x77f148c3a630>, <app.models.pressure.PressureMeasurement object at 0x77f148c3a660>, <app.models.pressure.PressureMeasurement object at 0x77f148c3a6c0>, <app.models.pressure.PressureMeasurement object at 0x77f148c3a1e0>, <app.models.pressure.PressureMeasurement object at 0x77f148c3a6f0>, <app.models.pressure.PressureMeasurement object at 0x77f148c3a750>, <app.models.pressure.PressureMeasurement object at 0x77f148c3a7b0>, <app.models.pressure.PressureMeasurement object at 0x77f148c3a0c0>, <app.models.pressure.PressureMeasurement object at 0x77f148c3a870>, <app.models.pressure.PressureMeasurement object at 0x77f148c3a8d0>, <app.models.pressure.PressureMeasurement object at 0x77f148c3a930>, <app.models.pressure.PressureMeasurement object at 0x77f148c3a990>, <app.models.pressure.PressureMeasurement object at 0x77f148c3a9f0>, <app.models.pressure.PressureMeasurement object at 0x77f148c3aa50>, <app.models.pressure.PressureMeasurement object at 0x77f148c3aab0>, <app.models.pressure.PressureMeasurement object at 0x77f148c3ab10>, <app.models.pressure.PressureMeasurement object at 0x77f148c3ab70>, <app.models.pressure.PressureMeasurement object at 0x77f148c3abd0>, <app.models.pressure.PressureMeasurement object at 0x77f148c3ac30>, <app.models.pressure.PressureMeasurement object at 0x77f148c3ac90>, <app.models.pressure.PressureMeasurement object at 0x77f148c3acf0>, <app.models.pressure.PressureMeasurement object at 0x77f148c3ad50>]
2026-03-01 16:51:00 | INFO     | app:get_measurements_daily:170 - Time: 2026-02-26 00:00:00
2026-03-01 16:51:00 | INFO     | app:get_measurements_daily:184 - Return data: []
2026-03-01 16:51:01 | INFO     | app:get_measurements_daily:170 - Time: 2026-02-25 00:00:00
2026-03-01 16:51:01 | INFO     | app:get_measurements_daily:184 - Return data: []
2026-03-01 16:51:02 | INFO     | app:get_measurements_daily:170 - Time: 2026-02-26 00:00:00
2026-03-01 16:51:02 | INFO     | app:get_measurements_daily:184 - Return data: []
2026-03-01 16:51:02 | INFO     | app:get_measurements_daily:170 - Time: 2026-02-27 00:00:00
2026-03-01 16:51:02 | INFO     | app:get_measurements_daily:184 - Return data: [<app.models.pressure.PressureMeasurement object at 0x77f148bf9730>, <app.models.pressure.PressureMeasurement object at 0x77f148bf9760>, <app.models.pressure.PressureMeasurement object at 0x77f148bf9700>, <app.models.pressure.PressureMeasurement object at 0x77f148bf97c0>, <app.models.pressure.PressureMeasurement object at 0x77f148bf97f0>, <app.models.pressure.PressureMeasurement object at 0x77f148bf9820>, <app.models.pressure.PressureMeasurement object at 0x77f148bf9b20>, <app.models.pressure.PressureMeasurement object at 0x77f148bf9a90>, <app.models.pressure.PressureMeasurement object at 0x77f148bf9850>, <app.models.pressure.PressureMeasurement object at 0x77f148bf9880>, <app.models.pressure.PressureMeasurement object at 0x77f148bf98b0>, <app.models.pressure.PressureMeasurement object at 0x77f148bf98e0>, <app.models.pressure.PressureMeasurement object at 0x77f148bf9940>, <app.models.pressure.PressureMeasurement object at 0x77f148bf9910>, <app.models.pressure.PressureMeasurement object at 0x77f148bf9be0>, <app.models.pressure.PressureMeasurement object at 0x77f148bf9f40>, <app.models.pressure.PressureMeasurement object at 0x77f148bf9e20>, <app.models.pressure.PressureMeasurement object at 0x77f148bf9a60>, <app.models.pressure.PressureMeasurement object at 0x77f148bf9b50>, <app.models.pressure.PressureMeasurement object at 0x77f148bfa030>, <app.models.pressure.PressureMeasurement object at 0x77f148bfa000>, <app.models.pressure.PressureMeasurement object at 0x77f148bf9fd0>, <app.models.pressure.PressureMeasurement object at 0x77f148bf9f70>, <app.models.pressure.PressureMeasurement object at 0x77f148bfa060>, <app.models.pressure.PressureMeasurement object at 0x77f148bfa0c0>, <app.models.pressure.PressureMeasurement object at 0x77f148bfa090>, <app.models.pressure.PressureMeasurement object at 0x77f148bfa0f0>, <app.models.pressure.PressureMeasurement object at 0x77f148bf81a0>, <app.models.pressure.PressureMeasurement object at 0x77f148bf8170>, <app.models.pressure.PressureMeasurement object at 0x77f148bf8110>, <app.models.pressure.PressureMeasurement object at 0x77f148bf81d0>, <app.models.pressure.PressureMeasurement object at 0x77f148bf8230>, <app.models.pressure.PressureMeasurement object at 0x77f148bf8200>, <app.models.pressure.PressureMeasurement object at 0x77f148bf8260>, <app.models.pressure.PressureMeasurement object at 0x77f148bf9b80>, <app.models.pressure.PressureMeasurement object at 0x77f148bf9dc0>, <app.models.pressure.PressureMeasurement object at 0x77f148bf89b0>, <app.models.pressure.PressureMeasurement object at 0x77f148bf8980>, <app.models.pressure.PressureMeasurement object at 0x77f148bf8ec0>, <app.models.pressure.PressureMeasurement object at 0x77f148bf9040>, <app.models.pressure.PressureMeasurement object at 0x77f148bf8bf0>, <app.models.pressure.PressureMeasurement object at 0x77f148bf8ad0>, <app.models.pressure.PressureMeasurement object at 0x77f148bf8ce0>, <app.models.pressure.PressureMeasurement object at 0x77f148bf8f20>, <app.models.pressure.PressureMeasurement object at 0x77f148bf8ef0>, <app.models.pressure.PressureMeasurement object at 0x77f148bf8c20>, <app.models.pressure.PressureMeasurement object at 0x77f148bf8a70>, <app.models.pressure.PressureMeasurement object at 0x77f148bf8c50>, <app.models.pressure.PressureMeasurement object at 0x77f148bf9130>, <app.models.pressure.PressureMeasurement object at 0x77f148bf9100>, <app.models.pressure.PressureMeasurement object at 0x77f148bf90d0>, <app.models.pressure.PressureMeasurement object at 0x77f148bf9070>, <app.models.pressure.PressureMeasurement object at 0x77f148bf9160>, <app.models.pressure.PressureMeasurement object at 0x77f148bf8c80>, <app.models.pressure.PressureMeasurement object at 0x77f148bf91c0>, <app.models.pressure.PressureMeasurement object at 0x77f148bf9190>, <app.models.pressure.PressureMeasurement object at 0x77f148bf91f0>, <app.models.pressure.PressureMeasurement object at 0x77f148bf8aa0>, <app.models.pressure.PressureMeasurement object at 0x77f148bf8a40>, <app.models.pressure.PressureMeasurement object at 0x77f148bf8e30>, <app.models.pressure.PressureMeasurement object at 0x77f148bf8dd0>]
2026-03-01 16:51:03 | INFO     | app:get_measurements_daily:170 - Time: 2026-02-28 00:00:00
2026-03-01 16:51:03 | INFO     | app:get_measurements_daily:184 - Return data: []
2026-03-01 16:51:04 | INFO     | app:get_measurements_daily:170 - Time: 2026-03-01 00:00:00
2026-03-01 16:51:04 | INFO     | app:get_measurements_daily:184 - Return data: [<app.models.pressure.PressureMeasurement object at 0x77f148b84650>, <app.models.pressure.PressureMeasurement object at 0x77f148b85e20>]
2026-03-01 16:57:04 | INFO     | app:get_measurements_daily:170 - Time: 2026-02-28 00:00:00
2026-03-01 16:57:04 | INFO     | app:get_measurements_daily:184 - Return data: []
2026-03-01 16:59:08 | INFO     | app:get_measurements_daily:170 - Time: 2026-03-01 00:00:00
2026-03-01 16:59:08 | INFO     | app:get_measurements_daily:184 - Return data: [<app.models.pressure.PressureMeasurement object at 0x77f1482f79e0>, <app.models.pressure.PressureMeasurement object at 0x77f1482f6d50>]
2026-03-01 16:59:08 | INFO     | app:get_measurements_daily:170 - Time: 2026-03-01 00:00:00
2026-03-01 16:59:08 | INFO     | app:get_measurements_daily:184 - Return data: [<app.models.pressure.PressureMeasurement object at 0x77f1482f6d50>, <app.models.pressure.PressureMeasurement object at 0x77f1482f7650>]
2026-03-01 16:59:10 | INFO     | app:get_measurements_daily:170 - Time: 2026-02-28 00:00:00
2026-03-01 16:59:10 | INFO     | app:get_measurements_daily:184 - Return data: []
2026-03-01 16:59:11 | INFO     | app:get_measurements_daily:170 - Time: 2026-02-27 00:00:00
2026-03-01 16:59:11 | INFO     | app:get_measurements_daily:184 - Return data: [<app.models.pressure.PressureMeasurement object at 0x77f1482f6720>, <app.models.pressure.PressureMeasurement object at 0x77f1482f6a50>, <app.models.pressure.PressureMeasurement object at 0x77f1482f5430>, <app.models.pressure.PressureMeasurement object at 0x77f1482f6660>, <app.models.pressure.PressureMeasurement object at 0x77f1482f71d0>, <app.models.pressure.PressureMeasurement object at 0x77f1482f7da0>, <app.models.pressure.PressureMeasurement object at 0x77f1482f7230>, <app.models.pressure.PressureMeasurement object at 0x77f1482f4620>, <app.models.pressure.PressureMeasurement object at 0x77f1482f51f0>, <app.models.pressure.PressureMeasurement object at 0x77f1482f7860>, <app.models.pressure.PressureMeasurement object at 0x77f1482f64b0>, <app.models.pressure.PressureMeasurement object at 0x77f1482f5550>, <app.models.pressure.PressureMeasurement object at 0x77f1482f7890>, <app.models.pressure.PressureMeasurement object at 0x77f1482f4590>, <app.models.pressure.PressureMeasurement object at 0x77f1482f7b30>, <app.models.pressure.PressureMeasurement object at 0x77f1482f7b00>, <app.models.pressure.PressureMeasurement object at 0x77f1482f75f0>, <app.models.pressure.PressureMeasurement object at 0x77f1482f7b60>, <app.models.pressure.PressureMeasurement object at 0x77f1482f6000>, <app.models.pressure.PressureMeasurement object at 0x77f1482f7b90>, <app.models.pressure.PressureMeasurement object at 0x77f1482f7bf0>, <app.models.pressure.PressureMeasurement object at 0x77f1482f7c20>, <app.models.pressure.PressureMeasurement object at 0x77f1482f6420>, <app.models.pressure.PressureMeasurement object at 0x77f1482f63c0>, <app.models.pressure.PressureMeasurement object at 0x77f1482f4080>, <app.models.pressure.PressureMeasurement object at 0x77f1482f7800>, <app.models.pressure.PressureMeasurement object at 0x77f1482f7d70>, <app.models.pressure.PressureMeasurement object at 0x77f1482f73e0>, <app.models.pressure.PressureMeasurement object at 0x77f1482f7560>, <app.models.pressure.PressureMeasurement object at 0x77f1482f7530>, <app.models.pressure.PressureMeasurement object at 0x77f1482f6b70>, <app.models.pressure.PressureMeasurement object at 0x77f1482f5c10>, <app.models.pressure.PressureMeasurement object at 0x77f1482f7590>, <app.models.pressure.PressureMeasurement object at 0x77f1482f6b40>, <app.models.pressure.PressureMeasurement object at 0x77f1482f7d40>, <app.models.pressure.PressureMeasurement object at 0x77f1482f42c0>, <app.models.pressure.PressureMeasurement object at 0x77f1482f6630>, <app.models.pressure.PressureMeasurement object at 0x77f1482f5eb0>, <app.models.pressure.PressureMeasurement object at 0x77f1482f7fe0>, <app.models.pressure.PressureMeasurement object at 0x77f1482f7f20>, <app.models.pressure.PressureMeasurement object at 0x77f1482f73b0>, <app.models.pressure.PressureMeasurement object at 0x77f1482f7cb0>, <app.models.pressure.PressureMeasurement object at 0x77f1482f7440>, <app.models.pressure.PressureMeasurement object at 0x77f1482f6f30>, <app.models.pressure.PressureMeasurement object at 0x77f1482f67e0>, <app.models.pressure.PressureMeasurement object at 0x77f1482f54f0>, <app.models.pressure.PressureMeasurement object at 0x77f1482f5790>, <app.models.pressure.PressureMeasurement object at 0x77f1482f7500>, <app.models.pressure.PressureMeasurement object at 0x77f1482f5910>, <app.models.pressure.PressureMeasurement object at 0x77f1482f7c80>, <app.models.pressure.PressureMeasurement object at 0x77f1482f40e0>, <app.models.pressure.PressureMeasurement object at 0x77f1482f7320>, <app.models.pressure.PressureMeasurement object at 0x77f1482f4b30>, <app.models.pressure.PressureMeasurement object at 0x77f1482f7380>, <app.models.pressure.PressureMeasurement object at 0x77f1482f5e50>, <app.models.pressure.PressureMeasurement object at 0x77f1482f6b10>, <app.models.pressure.PressureMeasurement object at 0x77f1482f7c50>, <app.models.pressure.PressureMeasurement object at 0x77f1482f6d20>, <app.models.pressure.PressureMeasurement object at 0x77f1482f5df0>, <app.models.pressure.PressureMeasurement object at 0x77f14830f9b0>, <app.models.pressure.PressureMeasurement object at 0x77f14830f980>]
2026-03-01 16:59:12 | INFO     | app:get_measurements_daily:170 - Time: 2026-02-26 00:00:00
2026-03-01 16:59:12 | INFO     | app:get_measurements_daily:184 - Return data: []
2026-03-01 16:59:13 | INFO     | app:get_measurements_daily:170 - Time: 2026-02-25 00:00:00
2026-03-01 16:59:13 | INFO     | app:get_measurements_daily:184 - Return data: []
2026-03-01 16:59:13 | INFO     | app:get_measurements_daily:170 - Time: 2026-02-24 00:00:00
2026-03-01 16:59:13 | INFO     | app:get_measurements_daily:184 - Return data: []
2026-03-01 16:59:13 | INFO     | app:get_measurements_daily:170 - Time: 2026-02-23 00:00:00
2026-03-01 16:59:13 | INFO     | app:get_measurements_daily:184 - Return data: []
2026-03-01 16:59:14 | INFO     | app:get_measurements_daily:170 - Time: 2026-02-22 00:00:00
2026-03-01 16:59:14 | INFO     | app:get_measurements_daily:184 - Return data: []
2026-03-01 16:59:14 | INFO     | app:get_measurements_daily:170 - Time: 2026-02-23 00:00:00
2026-03-01 16:59:14 | INFO     | app:get_measurements_daily:184 - Return data: []
2026-03-01 16:59:14 | INFO     | app:get_measurements_daily:170 - Time: 2026-02-24 00:00:00
2026-03-01 16:59:14 | INFO     | app:get_measurements_daily:184 - Return data: []
2026-03-01 16:59:15 | INFO     | app:get_measurements_daily:170 - Time: 2026-02-25 00:00:00
2026-03-01 16:59:15 | INFO     | app:get_measurements_daily:184 - Return data: []
2026-03-01 16:59:15 | INFO     | app:get_measurements_daily:170 - Time: 2026-02-26 00:00:00
2026-03-01 16:59:15 | INFO     | app:get_measurements_daily:184 - Return data: []
2026-03-01 16:59:15 | INFO     | app:get_measurements_daily:170 - Time: 2026-02-27 00:00:00
2026-03-01 16:59:15 | INFO     | app:get_measurements_daily:184 - Return data: [<app.models.pressure.PressureMeasurement object at 0x77f1482f6540>, <app.models.pressure.PressureMeasurement object at 0x77f1482f4650>, <app.models.pressure.PressureMeasurement object at 0x77f1482f5c70>, <app.models.pressure.PressureMeasurement object at 0x77f1482f5460>, <app.models.pressure.PressureMeasurement object at 0x77f1482f4da0>, <app.models.pressure.PressureMeasurement object at 0x77f1482f71a0>, <app.models.pressure.PressureMeasurement object at 0x77f1482f7080>, <app.models.pressure.PressureMeasurement object at 0x77f1482f6f00>, <app.models.pressure.PressureMeasurement object at 0x77f1482f7260>, <app.models.pressure.PressureMeasurement object at 0x77f1482f7110>, <app.models.pressure.PressureMeasurement object at 0x77f1482f7410>, <app.models.pressure.PressureMeasurement object at 0x77f1482f6c00>, <app.models.pressure.PressureMeasurement object at 0x77f1482f4740>, <app.models.pressure.PressureMeasurement object at 0x77f1482f41a0>, <app.models.pressure.PressureMeasurement object at 0x77f1482f4bf0>, <app.models.pressure.PressureMeasurement object at 0x77f1482f4b00>, <app.models.pressure.PressureMeasurement object at 0x77f148b87350>, <app.models.pressure.PressureMeasurement object at 0x77f148b86990>, <app.models.pressure.PressureMeasurement object at 0x77f148b862d0>, <app.models.pressure.PressureMeasurement object at 0x77f148b847d0>, <app.models.pressure.PressureMeasurement object at 0x77f148b86150>, <app.models.pressure.PressureMeasurement object at 0x77f148b85f70>, <app.models.pressure.PressureMeasurement object at 0x77f148b87440>, <app.models.pressure.PressureMeasurement object at 0x77f148b85ee0>, <app.models.pressure.PressureMeasurement object at 0x77f148b85940>, <app.models.pressure.PressureMeasurement object at 0x77f148b86210>, <app.models.pressure.PressureMeasurement object at 0x77f148b855e0>, <app.models.pressure.PressureMeasurement object at 0x77f148b865d0>, <app.models.pressure.PressureMeasurement object at 0x77f148b85160>, <app.models.pressure.PressureMeasurement object at 0x77f148b878f0>, <app.models.pressure.PressureMeasurement object at 0x77f148b85fd0>, <app.models.pressure.PressureMeasurement object at 0x77f148b85e20>, <app.models.pressure.PressureMeasurement object at 0x77f148b86570>, <app.models.pressure.PressureMeasurement object at 0x77f148b87320>, <app.models.pressure.PressureMeasurement object at 0x77f148b87170>, <app.models.pressure.PressureMeasurement object at 0x77f148b84710>, <app.models.pressure.PressureMeasurement object at 0x77f148b85730>, <app.models.pressure.PressureMeasurement object at 0x77f148b86120>, <app.models.pressure.PressureMeasurement object at 0x77f148b846b0>, <app.models.pressure.PressureMeasurement object at 0x77f148b86690>, <app.models.pressure.PressureMeasurement object at 0x77f148b85430>, <app.models.pressure.PressureMeasurement object at 0x77f148b857c0>, <app.models.pressure.PressureMeasurement object at 0x77f148b86270>, <app.models.pressure.PressureMeasurement object at 0x77f148b85ac0>, <app.models.pressure.PressureMeasurement object at 0x77f148b86300>, <app.models.pressure.PressureMeasurement object at 0x77f148b85820>, <app.models.pressure.PressureMeasurement object at 0x77f148b858e0>, <app.models.pressure.PressureMeasurement object at 0x77f148b86de0>, <app.models.pressure.PressureMeasurement object at 0x77f148b867b0>, <app.models.pressure.PressureMeasurement object at 0x77f148b86600>, <app.models.pressure.PressureMeasurement object at 0x77f148b86870>, <app.models.pressure.PressureMeasurement object at 0x77f148b86900>, <app.models.pressure.PressureMeasurement object at 0x77f148b85eb0>, <app.models.pressure.PressureMeasurement object at 0x77f148b87920>, <app.models.pressure.PressureMeasurement object at 0x77f148b85460>, <app.models.pressure.PressureMeasurement object at 0x77f148b84920>, <app.models.pressure.PressureMeasurement object at 0x77f148b87980>, <app.models.pressure.PressureMeasurement object at 0x77f148b84650>, <app.models.pressure.PressureMeasurement object at 0x77f148b86630>, <app.models.pressure.PressureMeasurement object at 0x77f148b85d00>, <app.models.pressure.PressureMeasurement object at 0x77f148b852e0>]
2026-03-01 16:59:15 | INFO     | app:get_measurements_daily:170 - Time: 2026-02-28 00:00:00
2026-03-01 16:59:15 | INFO     | app:get_measurements_daily:184 - Return data: []
2026-03-01 16:59:16 | INFO     | app:get_measurements_daily:170 - Time: 2026-02-27 00:00:00
2026-03-01 16:59:16 | INFO     | app:get_measurements_daily:184 - Return data: [<app.models.pressure.PressureMeasurement object at 0x77f1482f4fe0>, <app.models.pressure.PressureMeasurement object at 0x77f1482f7530>, <app.models.pressure.PressureMeasurement object at 0x77f1482f5d60>, <app.models.pressure.PressureMeasurement object at 0x77f1482f67e0>, <app.models.pressure.PressureMeasurement object at 0x77f1482f73b0>, <app.models.pressure.PressureMeasurement object at 0x77f1482f58e0>, <app.models.pressure.PressureMeasurement object at 0x77f1482f54f0>, <app.models.pressure.PressureMeasurement object at 0x77f1482f5eb0>, <app.models.pressure.PressureMeasurement object at 0x77f1482f6330>, <app.models.pressure.PressureMeasurement object at 0x77f1482f7890>, <app.models.pressure.PressureMeasurement object at 0x77f1482f4620>, <app.models.pressure.PressureMeasurement object at 0x77f148e672c0>, <app.models.pressure.PressureMeasurement object at 0x77f148b87350>, <app.models.pressure.PressureMeasurement object at 0x77f148b86990>, <app.models.pressure.PressureMeasurement object at 0x77f148b862d0>, <app.models.pressure.PressureMeasurement object at 0x77f148b847d0>, <app.models.pressure.PressureMeasurement object at 0x77f148b86150>, <app.models.pressure.PressureMeasurement object at 0x77f148b85f70>, <app.models.pressure.PressureMeasurement object at 0x77f148b87440>, <app.models.pressure.PressureMeasurement object at 0x77f148b85ee0>, <app.models.pressure.PressureMeasurement object at 0x77f148b85940>, <app.models.pressure.PressureMeasurement object at 0x77f148b86210>, <app.models.pressure.PressureMeasurement object at 0x77f148b855e0>, <app.models.pressure.PressureMeasurement object at 0x77f148b865d0>, <app.models.pressure.PressureMeasurement object at 0x77f148b85160>, <app.models.pressure.PressureMeasurement object at 0x77f148b878f0>, <app.models.pressure.PressureMeasurement object at 0x77f148b85fd0>, <app.models.pressure.PressureMeasurement object at 0x77f148b85e20>, <app.models.pressure.PressureMeasurement object at 0x77f148b86570>, <app.models.pressure.PressureMeasurement object at 0x77f148b87320>, <app.models.pressure.PressureMeasurement object at 0x77f148b87170>, <app.models.pressure.PressureMeasurement object at 0x77f148b84710>, <app.models.pressure.PressureMeasurement object at 0x77f148b85730>, <app.models.pressure.PressureMeasurement object at 0x77f148b86120>, <app.models.pressure.PressureMeasurement object at 0x77f148b846b0>, <app.models.pressure.PressureMeasurement object at 0x77f148b86690>, <app.models.pressure.PressureMeasurement object at 0x77f148b85430>, <app.models.pressure.PressureMeasurement object at 0x77f148b857c0>, <app.models.pressure.PressureMeasurement object at 0x77f148b86270>, <app.models.pressure.PressureMeasurement object at 0x77f148b85ac0>, <app.models.pressure.PressureMeasurement object at 0x77f148b86300>, <app.models.pressure.PressureMeasurement object at 0x77f148b85820>, <app.models.pressure.PressureMeasurement object at 0x77f148b858e0>, <app.models.pressure.PressureMeasurement object at 0x77f148b86de0>, <app.models.pressure.PressureMeasurement object at 0x77f148b867b0>, <app.models.pressure.PressureMeasurement object at 0x77f148b86600>, <app.models.pressure.PressureMeasurement object at 0x77f148b86870>, <app.models.pressure.PressureMeasurement object at 0x77f148b86900>, <app.models.pressure.PressureMeasurement object at 0x77f148b85eb0>, <app.models.pressure.PressureMeasurement object at 0x77f148b87920>, <app.models.pressure.PressureMeasurement object at 0x77f148b85460>, <app.models.pressure.PressureMeasurement object at 0x77f148b84920>, <app.models.pressure.PressureMeasurement object at 0x77f148b87980>, <app.models.pressure.PressureMeasurement object at 0x77f148b84650>, <app.models.pressure.PressureMeasurement object at 0x77f148b86630>, <app.models.pressure.PressureMeasurement object at 0x77f148b85d00>, <app.models.pressure.PressureMeasurement object at 0x77f148b852e0>, <app.models.pressure.PressureMeasurement object at 0x77f148b85850>, <app.models.pressure.PressureMeasurement object at 0x77f148b86c60>, <app.models.pressure.PressureMeasurement object at 0x77f148b86480>, <app.models.pressure.PressureMeasurement object at 0x77f148b85cd0>]
2026-03-01 16:59:17 | INFO     | app:get_measurements_daily:170 - Time: 2026-02-28 00:00:00
2026-03-01 16:59:17 | INFO     | app:get_measurements_daily:184 - Return data: []
2026-03-01 16:59:18 | INFO     | app:get_measurements_daily:170 - Time: 2026-03-01 00:00:00
2026-03-01 16:59:18 | INFO     | app:get_measurements_daily:184 - Return data: [<app.models.pressure.PressureMeasurement object at 0x77f1482f7230>, <app.models.pressure.PressureMeasurement object at 0x77f1482f76e0>]
2026-03-01 16:59:32 | INFO     | app:get_measurements_daily:170 - Time: 2026-03-02 00:00:00
2026-03-01 16:59:32 | INFO     | app:get_measurements_daily:184 - Return data: []
2026-03-01 16:59:33 | INFO     | app:get_measurements_daily:170 - Time: 2026-03-01 00:00:00
2026-03-01 16:59:33 | INFO     | app:get_measurements_daily:184 - Return data: [<app.models.pressure.PressureMeasurement object at 0x77f1482f6150>, <app.models.pressure.PressureMeasurement object at 0x77f1482f77a0>]
2026-03-01 17:00:05 | INFO     | app:get_measurements_daily:170 - Time: 2026-03-01 00:00:00
2026-03-01 17:00:05 | INFO     | app:get_measurements_daily:184 - Return data: [<app.models.pressure.PressureMeasurement object at 0x77f1482e0da0>, <app.models.pressure.PressureMeasurement object at 0x77f1482e2b10>]
2026-03-01 17:00:06 | INFO     | app:get_measurements_daily:170 - Time: 2026-03-01 00:00:00
2026-03-01 17:00:06 | INFO     | app:get_measurements_daily:184 - Return data: [<app.models.pressure.PressureMeasurement object at 0x77f1482e1e50>, <app.models.pressure.PressureMeasurement object at 0x77f1482e1be0>]
2026-03-01 17:00:21 | INFO     | app:get_measurements_daily:170 - Time: 2026-03-01 00:00:00
2026-03-01 17:00:21 | INFO     | app:get_measurements_daily:184 - Return data: [<app.models.pressure.PressureMeasurement object at 0x7d76340af5f0>, <app.models.pressure.PressureMeasurement object at 0x7d76340ad550>]
2026-03-01 17:00:21 | INFO     | app:get_measurements_daily:170 - Time: 2026-03-01 00:00:00
2026-03-01 17:00:21 | INFO     | app:get_measurements_daily:184 - Return data: [<app.models.pressure.PressureMeasurement object at 0x7d76341f9070>, <app.models.pressure.PressureMeasurement object at 0x7d76341f9340>]
2026-03-01 17:01:44 | INFO     | app:get_measurements_daily:170 - Time: 2026-03-01 00:00:00
2026-03-01 17:01:44 | INFO     | app:get_measurements_daily:184 - Return data: [<app.models.pressure.PressureMeasurement object at 0x773f54369d60>, <app.models.pressure.PressureMeasurement object at 0x773f54368fe0>]
2026-03-01 17:01:44 | INFO     | app:get_measurements_daily:170 - Time: 2026-03-01 00:00:00
2026-03-01 17:01:44 | INFO     | app:get_measurements_daily:184 - Return data: [<app.models.pressure.PressureMeasurement object at 0x773f51973d70>, <app.models.pressure.PressureMeasurement object at 0x773f519708f0>]
2026-03-01 17:03:24 | INFO     | app:get_measurements_daily:170 - Time: <built-in method date of datetime.datetime object at 0x78fb2671d770>
2026-03-01 17:03:24 | INFO     | app:get_measurements_daily:170 - Time: <built-in method date of datetime.datetime object at 0x78fb265e2610>
2026-03-01 17:03:59 | INFO     | app:get_measurements_daily:170 - Time: <built-in method date of datetime.datetime object at 0x78fb2660b810>
2026-03-01 17:03:59 | INFO     | app:get_measurements_daily:170 - Time: <built-in method date of datetime.datetime object at 0x78fb26581590>
2026-03-01 17:04:12 | INFO     | app:get_measurements_daily:170 - Time: <built-in method date of datetime.datetime object at 0x78fb24476a00>
2026-03-01 17:04:12 | INFO     | app:get_measurements_daily:170 - Time: <built-in method date of datetime.datetime object at 0x78fb24477300>
2026-03-01 17:06:33 | INFO     | app:get_measurements_daily:170 - Time: <built-in method date of datetime.datetime object at 0x78fb26636610>
2026-03-01 17:06:33 | INFO     | app:get_measurements_daily:170 - Time: <built-in method date of datetime.datetime object at 0x78fb26637d50>
